<?xml version="1.0" encoding="UTF-8"?>
<testng-results ignored="0" total="1" passed="1" failed="0" skipped="0">
  <reporter-output>
  </reporter-output>
  <suite started-at="2026-01-29T15:35:49 UTC" name="Default suite" finished-at="2026-01-29T15:36:14 UTC" duration-ms="25001">
    <groups>
    </groups>
    <test started-at="2026-01-29T15:35:49 UTC" name="Default test" finished-at="2026-01-29T15:36:14 UTC" duration-ms="25001">
      <class name="testcase.test1">
        <test-method signature="init()[pri:0, instance:testcase.test1@16293aa2]" started-at="2026-01-29T15:35:49 UTC" name="init" finished-at="2026-01-29T15:36:14 UTC" duration-ms="24948" status="PASS">
          <reporter-output>
          </reporter-output>
        </test-method> <!-- init -->
      </class> <!-- testcase.test1 -->
    </test> <!-- Default test -->
  </suite> <!-- Default suite -->
</testng-results>
